<?xml version="1.0" encoding="UTF-8"?>
<!-- Generated by org.testng.reporters.JUnitReportReporter -->
<testsuite skipped="0" hostname="LAPTOP-IQ3MHLUB" name="test.LoginTest" tests="1" failures="0" timestamp="05 Aug 2021 18:12:57 GMT" time="5.073" errors="0">
  <testcase name="validUserShouldBeAbleToLogin" time="5.073" classname="test.LoginTest"/>
</testsuite> <!-- test.LoginTest -->
